[debug] [2018-08-31T09:03:00.576Z] ----------------------------------------------------------------------
[debug] [2018-08-31T09:03:00.581Z] Command:       C:\Program Files\nodejs\node.exe C:\Users\Lenovo\AppData\Roaming\npm\node_modules\firebase-tools\bin\firebase serve
[debug] [2018-08-31T09:03:00.581Z] CLI Version:   3.19.0
[debug] [2018-08-31T09:03:00.581Z] Platform:      win32
[debug] [2018-08-31T09:03:00.581Z] Node Version:  v8.11.2
[debug] [2018-08-31T09:03:00.582Z] Time:          Fri Aug 31 2018 12:03:00 GMT+0300 (שעון קיץ ירושלים)
[debug] [2018-08-31T09:03:00.582Z] ----------------------------------------------------------------------
[debug] 
[debug] [2018-08-31T09:03:00.602Z] > command requires scopes: ["email","openid","https://www.googleapis.com/auth/cloudplatformprojects.readonly","https://www.googleapis.com/auth/firebase","https://www.googleapis.com/auth/cloud-platform"]
[debug] [2018-08-31T09:03:00.603Z] > authorizing via signed-in user
[debug] [2018-08-31T09:03:00.605Z] > refreshing access token with scopes: ["email","https://www.googleapis.com/auth/cloud-platform","https://www.googleapis.com/auth/cloudplatformprojects.readonly","https://www.googleapis.com/auth/firebase","openid"]
[debug] [2018-08-31T09:03:00.606Z] >>> HTTP REQUEST POST https://www.googleapis.com/oauth2/v3/token  
 { refresh_token: '1/j74RzPSfH0WmFaf2cMFLIQPyraUwIAACoH45xysCUIVtsa2ILH97GbA_W74CuF4h',
  client_id: '563584335869-fgrhgmd47bqnekij5i8b5pr03ho849e6.apps.googleusercontent.com',
  client_secret: 'j9iVZfS8kkCEFUPaAeJV0sAi',
  grant_type: 'refresh_token',
  scope: 'email https://www.googleapis.com/auth/cloud-platform https://www.googleapis.com/auth/cloudplatformprojects.readonly https://www.googleapis.com/auth/firebase openid' } 
 Fri Aug 31 2018 12:03:00 GMT+0300 (שעון קיץ ירושלים)
[debug] [2018-08-31T09:03:01.077Z] <<< HTTP RESPONSE 200
[debug] [2018-08-31T09:03:01.086Z] >>> HTTP REQUEST GET https://admin.firebase.com/v1/projects/testproj-96156  
  
 Fri Aug 31 2018 12:03:01 GMT+0300 (שעון קיץ ירושלים)
[debug] [2018-08-31T09:03:01.963Z] <<< HTTP RESPONSE 200
[debug] [2018-08-31T09:03:01.964Z] >>> HTTP REQUEST GET https://admin.firebase.com/v1/database/testproj-96156/tokens  
  
 Fri Aug 31 2018 12:03:01 GMT+0300 (שעון קיץ ירושלים)
[debug] [2018-08-31T09:03:02.838Z] <<< HTTP RESPONSE 200
[debug] [2018-08-31T09:03:02.839Z] >>> HTTP REQUEST GET https://cloudresourcemanager.googleapis.com/v1/projects/testproj-96156  
  
 Fri Aug 31 2018 12:03:02 GMT+0300 (שעון קיץ ירושלים)
[debug] [2018-08-31T09:03:03.961Z] <<< HTTP RESPONSE 200
[info] 
[info] === Serving from 'C:\Users\Lenovo\Documents\delib\delib\delib-v1'...
[info] 
[debug] [2018-08-31T09:03:03.965Z] >>> HTTP REQUEST GET https://mobilesdk-pa.googleapis.com/v1/projects/150276311739/clients/_:getWebAppConfig  
  
 Fri Aug 31 2018 12:03:03 GMT+0300 (שעון קיץ ירושלים)
[debug] [2018-08-31T09:03:04.761Z] <<< HTTP RESPONSE 200
[info] i  hosting: Serving hosting files from: public
[info] +  hosting: Local server: http://localhost:5000

